Using pre-set license
Built from '2021.3/staging' branch; Version is '2021.3.16f1 (4016570cf34f) revision 4200023'; Using compiler version '192829333'; Build Type 'Release'
OS: 'Windows 10  (10.0.19045) 64bit Professional' Language: 'en' Physical Memory: 32472 MB
BatchMode: 1, IsHumanControllingUs: 0, StartBugReporterOnCrash: 0, Is64bit: 1, IsPro: 1

COMMAND LINE ARGUMENTS:
C:\Program Files\Unity\Hub\Editor\2021.3.16f1\Editor\Unity.exe
-adb2
-batchMode
-noUpm
-name
AssetImportWorker0
-projectPath
D:/SongstersRepository/Songsters/SongstersFull
-logFile
Logs/AssetImportWorker0.log
-srvPort
60660
Successfully changed project path to: D:/SongstersRepository/Songsters/SongstersFull
D:/SongstersRepository/Songsters/SongstersFull
[UnityMemory] Configuration Parameters - Can be set up in boot.config
    "memorysetup-bucket-allocator-granularity=16"
    "memorysetup-bucket-allocator-bucket-count=8"
    "memorysetup-bucket-allocator-block-size=33554432"
    "memorysetup-bucket-allocator-block-count=8"
    "memorysetup-main-allocator-block-size=16777216"
    "memorysetup-thread-allocator-block-size=16777216"
    "memorysetup-gfx-main-allocator-block-size=16777216"
    "memorysetup-gfx-thread-allocator-block-size=16777216"
    "memorysetup-cache-allocator-block-size=4194304"
    "memorysetup-typetree-allocator-block-size=2097152"
    "memorysetup-profiler-bucket-allocator-granularity=16"
    "memorysetup-profiler-bucket-allocator-bucket-count=8"
    "memorysetup-profiler-bucket-allocator-block-size=33554432"
    "memorysetup-profiler-bucket-allocator-block-count=8"
    "memorysetup-profiler-allocator-block-size=16777216"
    "memorysetup-profiler-editor-allocator-block-size=1048576"
    "memorysetup-temp-allocator-size-main=16777216"
    "memorysetup-job-temp-allocator-block-size=2097152"
    "memorysetup-job-temp-allocator-block-size-background=1048576"
    "memorysetup-job-temp-allocator-reduction-small-platforms=262144"
    "memorysetup-temp-allocator-size-background-worker=32768"
    "memorysetup-temp-allocator-size-job-worker=262144"
    "memorysetup-temp-allocator-size-preload-manager=33554432"
    "memorysetup-temp-allocator-size-nav-mesh-worker=65536"
    "memorysetup-temp-allocator-size-audio-worker=65536"
    "memorysetup-temp-allocator-size-cloud-worker=32768"
    "memorysetup-temp-allocator-size-gi-baking-worker=262144"
    "memorysetup-temp-allocator-size-gfx=262144"
Player connection [1480] Host "[IP] 192.168.1.181 [Port] 0 [Flags] 2 [Guid] 2642433721 [EditorId] 2642433721 [Version] 1048832 [Id] WindowsEditor(7,DESKTOP-V3I7N0E) [Debug] 1 [PackageName] WindowsEditor [ProjectName] Editor" joined multi-casting on [225.0.0.222:54997]...

Player connection [1480] Host "[IP] 192.168.1.181 [Port] 0 [Flags] 2 [Guid] 2642433721 [EditorId] 2642433721 [Version] 1048832 [Id] WindowsEditor(7,DESKTOP-V3I7N0E) [Debug] 1 [PackageName] WindowsEditor [ProjectName] Editor" joined alternative multi-casting on [225.0.0.222:34997]...

Refreshing native plugins compatible for Editor in 109.21 ms, found 4 plugins.
Preloading 0 native plugins for Editor in 0.00 ms.
Initialize engine version: 2021.3.16f1 (4016570cf34f)
[Subsystems] Discovering subsystems at path C:/Program Files/Unity/Hub/Editor/2021.3.16f1/Editor/Data/Resources/UnitySubsystems
[Subsystems] Discovering subsystems at path D:/SongstersRepository/Songsters/SongstersFull/Assets
GfxDevice: creating device client; threaded=0; jobified=0
Direct3D:
    Version:  Direct3D 11.0 [level 11.1]
    Renderer: NVIDIA GeForce RTX 3060 Laptop GPU (ID=0x2520)
    Vendor:   NVIDIA
    VRAM:     6023 MB
    Driver:   31.0.15.1659
Initialize mono
Mono path[0] = 'C:/Program Files/Unity/Hub/Editor/2021.3.16f1/Editor/Data/Managed'
Mono path[1] = 'C:/Program Files/Unity/Hub/Editor/2021.3.16f1/Editor/Data/MonoBleedingEdge/lib/mono/unityjit-win32'
Mono config path = 'C:/Program Files/Unity/Hub/Editor/2021.3.16f1/Editor/Data/MonoBleedingEdge/etc'
Using monoOptions --debugger-agent=transport=dt_socket,embedding=1,server=y,suspend=n,address=127.0.0.1:56044
Begin MonoManager ReloadAssembly
Registering precompiled unity dll's ...
Register platform support module: C:/Program Files/Unity/Hub/Editor/2021.3.16f1/Editor/Data/PlaybackEngines/WindowsStandaloneSupport/UnityEditor.WindowsStandalone.Extensions.dll
Registered in 0.007708 seconds.
Native extension for WindowsStandalone target not found
Refreshing native plugins compatible for Editor in 105.42 ms, found 4 plugins.
Preloading 0 native plugins for Editor in 0.00 ms.
Mono: successfully reloaded assembly
- Completed reload, in  0.670 seconds
Domain Reload Profiling:
	ReloadAssembly (670ms)
		BeginReloadAssembly (60ms)
			ExecutionOrderSort (0ms)
			DisableScriptedObjects (0ms)
			BackupInstance (0ms)
			ReleaseScriptingObjects (0ms)
			CreateAndSetChildDomain (1ms)
		EndReloadAssembly (493ms)
			LoadAssemblies (59ms)
			RebuildTransferFunctionScriptingTraits (0ms)
			SetupTypeCache (99ms)
			ReleaseScriptCaches (0ms)
			RebuildScriptCaches (29ms)
			SetupLoadedEditorAssemblies (311ms)
				LogAssemblyErrors (0ms)
				InitializePlatformSupportModulesInManaged (9ms)
				SetLoadedEditorAssemblies (0ms)
				RefreshPlugins (106ms)
				BeforeProcessingInitializeOnLoad (2ms)
				ProcessInitializeOnLoadAttributes (147ms)
				ProcessInitializeOnLoadMethodAttributes (48ms)
				AfterProcessingInitializeOnLoad (0ms)
				EditorAssembliesLoaded (0ms)
			ExecutionOrderSort2 (0ms)
			AwakeInstancesAfterBackupRestoration (0ms)
Platform modules already initialized, skipping
Registering precompiled user dll's ...
Registered in 0.004916 seconds.
Begin MonoManager ReloadAssembly
Symbol file LoadedFromMemory doesn't match image D:\SongstersRepository\Songsters\SongstersFull\Library\PackageCache\com.unity.visualscripting@1.7.8\Editor\VisualScripting.Core\Dependencies\YamlDotNet\Unity.VisualScripting.YamlDotNet.dll
Symbol file LoadedFromMemory doesn't match image D:\SongstersRepository\Songsters\SongstersFull\Library\PackageCache\com.unity.visualscripting@1.7.8\Editor\VisualScripting.Core\Dependencies\DotNetZip\Unity.VisualScripting.IonicZip.dll
Native extension for WindowsStandalone target not found
Refreshing native plugins compatible for Editor in 106.96 ms, found 4 plugins.
Preloading 0 native plugins for Editor in 0.00 ms.
Mono: successfully reloaded assembly
- Completed reload, in  1.183 seconds
Domain Reload Profiling:
	ReloadAssembly (1187ms)
		BeginReloadAssembly (97ms)
			ExecutionOrderSort (0ms)
			DisableScriptedObjects (7ms)
			BackupInstance (0ms)
			ReleaseScriptingObjects (0ms)
			CreateAndSetChildDomain (17ms)
		EndReloadAssembly (967ms)
			LoadAssemblies (70ms)
			RebuildTransferFunctionScriptingTraits (0ms)
			SetupTypeCache (238ms)
			ReleaseScriptCaches (1ms)
			RebuildScriptCaches (58ms)
			SetupLoadedEditorAssemblies (532ms)
				LogAssemblyErrors (0ms)
				InitializePlatformSupportModulesInManaged (5ms)
				SetLoadedEditorAssemblies (0ms)
				RefreshPlugins (107ms)
				BeforeProcessingInitializeOnLoad (108ms)
				ProcessInitializeOnLoadAttributes (258ms)
				ProcessInitializeOnLoadMethodAttributes (45ms)
				AfterProcessingInitializeOnLoad (9ms)
				EditorAssembliesLoaded (0ms)
			ExecutionOrderSort2 (0ms)
			AwakeInstancesAfterBackupRestoration (7ms)
Platform modules already initialized, skipping
========================================================================
Worker process is ready to serve import requests
Launched and connected shader compiler UnityShaderCompiler.exe after 0.04 seconds
Refreshing native plugins compatible for Editor in 0.47 ms, found 4 plugins.
Preloading 0 native plugins for Editor in 0.00 ms.
Unloading 4066 Unused Serialized files (Serialized files now loaded: 0)
Unloading 44 unused Assets / (229.4 KB). Loaded Objects now: 4518.
Memory consumption went from 153.3 MB to 153.1 MB.
Total: 2.725600 ms (FindLiveObjects: 0.204100 ms CreateObjectMapping: 0.105500 ms MarkObjects: 2.281900 ms  DeleteObjects: 0.133300 ms)

AssetImportParameters requested are different than current active one (requested -> active):
  custom:video-decoder-ogg-theora: a1e56fd34408186e4bbccfd4996cb3dc -> 
  custom:container-muxer-webm: aa71ff27fc2769a1b78a27578f13a17b -> 
  custom:container-demuxer-webm: 4f35f7cbe854078d1ac9338744f61a02 -> 
  custom:video-encoder-webm-vp8: eb34c28f22e8b96e1ab97ce403110664 -> 
  custom:audio-encoder-webm-vorbis: bf7c407c2cedff20999df2af8eb42d56 -> 
  custom:framework-win-MediaFoundation: 216162199b28c13a410421893ffa2e32 -> 
  custom:container-demuxer-ogg: 62fdf1f143b41e24485cea50d1cbac27 -> 
  custom:video-decoder-webm-vp8: 9c59270c3fd7afecdb556c50c9e8de78 -> 
  custom:audio-decoder-ogg-vorbis: bf7c407c2cedff20999df2af8eb42d56 -> 
========================================================================
Received Import Request.
  Time since last request: 18348.727487 seconds.
  path: Assets/Songsters/Gnashvillain.asset
  artifactKey: Guid(e002f2dcd93848c448c2466dd7d0bcf3) Importer(815301076,1909f56bfc062723c751e8b465ee728b)
Start importing Assets/Songsters/Gnashvillain.asset using Guid(e002f2dcd93848c448c2466dd7d0bcf3) Importer(815301076,1909f56bfc062723c751e8b465ee728b)  -> (artifact id: '92e8887ef41f32bda7f944d67464113c') in 0.032605 seconds 
========================================================================
Received Import Request.
  Time since last request: 1.830987 seconds.
  path: Assets/Songsters/Omatone.asset
  artifactKey: Guid(d3a7df007b85416439f5ae5590418983) Importer(815301076,1909f56bfc062723c751e8b465ee728b)
Start importing Assets/Songsters/Omatone.asset using Guid(d3a7df007b85416439f5ae5590418983) Importer(815301076,1909f56bfc062723c751e8b465ee728b)  -> (artifact id: 'ac9060bc4b265e3dc0194e02c76fcaf6') in 0.009115 seconds 
========================================================================
Received Import Request.
  Time since last request: 565.456978 seconds.
  path: Assets/Scenes/OverworldGridBased(Test).unity
  artifactKey: Guid(583a30a58dc5c7f4a9a1442339433599) Importer(815301076,1909f56bfc062723c751e8b465ee728b)
Start importing Assets/Scenes/OverworldGridBased(Test).unity using Guid(583a30a58dc5c7f4a9a1442339433599) Importer(815301076,1909f56bfc062723c751e8b465ee728b)  -> (artifact id: 'c788271c0f35e5d926ebee4226502b40') in 0.006746 seconds 
========================================================================
Received Import Request.
  Time since last request: 197.698438 seconds.
  path: Assets/Art/1 Timers
  artifactKey: Guid(6d621f055446a944a9c3afd244c08f57) Importer(815301076,1909f56bfc062723c751e8b465ee728b)
Start importing Assets/Art/1 Timers using Guid(6d621f055446a944a9c3afd244c08f57) Importer(815301076,1909f56bfc062723c751e8b465ee728b)  -> (artifact id: 'e476871b35a9875cb07ed2dadb88a356') in 0.006381 seconds 
========================================================================
Received Import Request.
  Time since last request: 1.572361 seconds.
  path: Assets/Art/Untitled-1.png
  artifactKey: Guid(01afcef1cdcf94d4f99f32afb8a97934) Importer(815301076,1909f56bfc062723c751e8b465ee728b)
Start importing Assets/Art/Untitled-1.png using Guid(01afcef1cdcf94d4f99f32afb8a97934) Importer(815301076,1909f56bfc062723c751e8b465ee728b)  -> (artifact id: 'faee10ee560efb5ef158ff31eba356fe') in 0.130096 seconds 
========================================================================
Received Import Request.
  Time since last request: 16.576484 seconds.
  path: Assets/Art/OverworldSprites
  artifactKey: Guid(7644fed5e5c700e4fb9e01dee40aeeec) Importer(815301076,1909f56bfc062723c751e8b465ee728b)
Start importing Assets/Art/OverworldSprites using Guid(7644fed5e5c700e4fb9e01dee40aeeec) Importer(815301076,1909f56bfc062723c751e8b465ee728b)  -> (artifact id: '5cf9c2999b488d982236b9b7587dfec5') in 0.006466 seconds 
========================================================================
Received Import Request.
  Time since last request: 13.033062 seconds.
  path: Assets/Art/OverworldSprites/CharacterSprites
  artifactKey: Guid(6704bffdc684b1e4caa3de5c38568521) Importer(815301076,1909f56bfc062723c751e8b465ee728b)
Start importing Assets/Art/OverworldSprites/CharacterSprites using Guid(6704bffdc684b1e4caa3de5c38568521) Importer(815301076,1909f56bfc062723c751e8b465ee728b)  -> (artifact id: '363f1bc92f4d63119d17fe51b31aa14b') in 0.006485 seconds 
========================================================================
Received Import Request.
  Time since last request: 20.090449 seconds.
  path: Assets/Art/OverworldSprites/GroundLayerSprites
  artifactKey: Guid(cee774ede4c516048adb3e4b4a4fb7bb) Importer(815301076,1909f56bfc062723c751e8b465ee728b)
Start importing Assets/Art/OverworldSprites/GroundLayerSprites using Guid(cee774ede4c516048adb3e4b4a4fb7bb) Importer(815301076,1909f56bfc062723c751e8b465ee728b)  -> (artifact id: 'f433ec88bd85154394fcc99320002b2c') in 0.006212 seconds 
========================================================================
Received Import Request.
  Time since last request: 11.592717 seconds.
  path: Assets/Art/OverworldSprites/GroundLayerSprites/large_Poly_NeonPink_213u_1471502211.jpg
  artifactKey: Guid(cc474db4be54d6847b62c1c1f20b67af) Importer(815301076,1909f56bfc062723c751e8b465ee728b)
Start importing Assets/Art/OverworldSprites/GroundLayerSprites/large_Poly_NeonPink_213u_1471502211.jpg using Guid(cc474db4be54d6847b62c1c1f20b67af) Importer(815301076,1909f56bfc062723c751e8b465ee728b)  -> (artifact id: '8ff2d9fd13c671c6e325665257e58d3f') in 0.038157 seconds 
========================================================================
Received Import Request.
  Time since last request: 342.773639 seconds.
  path: Assets/Art/OverworldSprites/GroundLayerSprites/overworld_tileset.png
  artifactKey: Guid(14840e7a4d60ba64c8205e205eae7dec) Importer(815301076,1909f56bfc062723c751e8b465ee728b)
Start importing Assets/Art/OverworldSprites/GroundLayerSprites/overworld_tileset.png using Guid(14840e7a4d60ba64c8205e205eae7dec) Importer(815301076,1909f56bfc062723c751e8b465ee728b)  -> (artifact id: '2ef9decce019f2dbc96c38cefb38db40') in 0.045157 seconds 
========================================================================
Received Import Request.
  Time since last request: 107.747145 seconds.
  path: Assets/Art/OverworldSprites/GroundLayerSprites/overworld_tileset.png
  artifactKey: Guid(14840e7a4d60ba64c8205e205eae7dec) Importer(815301076,1909f56bfc062723c751e8b465ee728b)
Start importing Assets/Art/OverworldSprites/GroundLayerSprites/overworld_tileset.png using Guid(14840e7a4d60ba64c8205e205eae7dec) Importer(815301076,1909f56bfc062723c751e8b465ee728b)  -> (artifact id: '6a1e9e08be628f8212e94e275e20c28a') in 0.012465 seconds 
========================================================================
Received Import Request.
  Time since last request: 55.863662 seconds.
  path: Assets/Art/OverworldSprites/GroundLayerSprites/overworld_tileset.png
  artifactKey: Guid(14840e7a4d60ba64c8205e205eae7dec) Importer(815301076,1909f56bfc062723c751e8b465ee728b)
Start importing Assets/Art/OverworldSprites/GroundLayerSprites/overworld_tileset.png using Guid(14840e7a4d60ba64c8205e205eae7dec) Importer(815301076,1909f56bfc062723c751e8b465ee728b)  -> (artifact id: 'e846a3e7b06668c65d74a69b67682896') in 1.223882 seconds 
========================================================================
Received Import Request.
  Time since last request: 101.156359 seconds.
  path: Assets/TextMesh Pro/Fonts/LiberationSans.ttf
  artifactKey: Guid(e3265ab4bf004d28a9537516768c1c75) Importer(815301076,1909f56bfc062723c751e8b465ee728b)
Start importing Assets/TextMesh Pro/Fonts/LiberationSans.ttf using Guid(e3265ab4bf004d28a9537516768c1c75) Importer(815301076,1909f56bfc062723c751e8b465ee728b)  -> (artifact id: 'f3bd036785823e2281556a384dd6489b') in 0.065875 seconds 
========================================================================
Received Import Request.
  Time since last request: 0.000029 seconds.
  path: Assets/TextMesh Pro/Resources/Fonts & Materials/LiberationSans SDF - Outline.mat
  artifactKey: Guid(79459efec17a4d00a321bdcc27bbc385) Importer(815301076,1909f56bfc062723c751e8b465ee728b)
Start importing Assets/TextMesh Pro/Resources/Fonts & Materials/LiberationSans SDF - Outline.mat using Guid(79459efec17a4d00a321bdcc27bbc385) Importer(815301076,1909f56bfc062723c751e8b465ee728b)  -> (artifact id: '0e8ae31d0c6c0a0db5990d815d4e9430') in 0.070255 seconds 
========================================================================
Received Import Request.
  Time since last request: 0.000015 seconds.
  path: Assets/TextMesh Pro/Resources/Fonts & Materials/LiberationSans SDF - Fallback.asset
  artifactKey: Guid(2e498d1c8094910479dc3e1b768306a4) Importer(815301076,1909f56bfc062723c751e8b465ee728b)
Start importing Assets/TextMesh Pro/Resources/Fonts & Materials/LiberationSans SDF - Fallback.asset using Guid(2e498d1c8094910479dc3e1b768306a4) Importer(815301076,1909f56bfc062723c751e8b465ee728b)  -> (artifact id: '63acc93f8333cff6af3953befece50c9') in 0.039949 seconds 
========================================================================
Received Import Request.
  Time since last request: 0.000018 seconds.
  path: Assets/TextMesh Pro/Resources/Fonts & Materials/LiberationSans SDF.asset
  artifactKey: Guid(8f586378b4e144a9851e7b34d9b748ee) Importer(815301076,1909f56bfc062723c751e8b465ee728b)
Start importing Assets/TextMesh Pro/Resources/Fonts & Materials/LiberationSans SDF.asset using Guid(8f586378b4e144a9851e7b34d9b748ee) Importer(815301076,1909f56bfc062723c751e8b465ee728b)  -> (artifact id: '3f3b18824bd7e852c8b03bd93cf6dc7e') in 0.033168 seconds 
========================================================================
Received Import Request.
  Time since last request: 107.136076 seconds.
  path: Assets/Art/OverworldSprites/GroundLayerSprites/overworld_tileset_652.asset
  artifactKey: Guid(dd618c70cfb1f204180825b1d3f5213d) Importer(815301076,1909f56bfc062723c751e8b465ee728b)
Start importing Assets/Art/OverworldSprites/GroundLayerSprites/overworld_tileset_652.asset using Guid(dd618c70cfb1f204180825b1d3f5213d) Importer(815301076,1909f56bfc062723c751e8b465ee728b)  -> (artifact id: '0b4724ab2629ed48981fe929b1ad7ffe') in 0.020895 seconds 
========================================================================
Received Import Request.
  Time since last request: 0.000023 seconds.
  path: Assets/Art/OverworldSprites/GroundLayerSprites/overworld_tileset_655.asset
  artifactKey: Guid(5a64a34b1641dd34d98d84553b27adfe) Importer(815301076,1909f56bfc062723c751e8b465ee728b)
Start importing Assets/Art/OverworldSprites/GroundLayerSprites/overworld_tileset_655.asset using Guid(5a64a34b1641dd34d98d84553b27adfe) Importer(815301076,1909f56bfc062723c751e8b465ee728b)  -> (artifact id: '54843ddd1c6cb867649d2b46991770e0') in 0.018501 seconds 
========================================================================
Received Import Request.
  Time since last request: 0.000028 seconds.
  path: Assets/Art/OverworldSprites/GroundLayerSprites/overworld_tileset_656.asset
  artifactKey: Guid(ab5c89ecd6f9f1a418e018f9aba45c98) Importer(815301076,1909f56bfc062723c751e8b465ee728b)
Start importing Assets/Art/OverworldSprites/GroundLayerSprites/overworld_tileset_656.asset using Guid(ab5c89ecd6f9f1a418e018f9aba45c98) Importer(815301076,1909f56bfc062723c751e8b465ee728b)  -> (artifact id: 'c96a20803b9e368428df6966c4ee499a') in 0.010535 seconds 
========================================================================
Received Import Request.
  Time since last request: 0.000028 seconds.
  path: Assets/Art/OverworldSprites/GroundLayerSprites/overworld_tileset_654.asset
  artifactKey: Guid(ada27a2362020af45ac277a1fab38ee2) Importer(815301076,1909f56bfc062723c751e8b465ee728b)
Start importing Assets/Art/OverworldSprites/GroundLayerSprites/overworld_tileset_654.asset using Guid(ada27a2362020af45ac277a1fab38ee2) Importer(815301076,1909f56bfc062723c751e8b465ee728b)  -> (artifact id: 'd113adaf84eb76a9b94303d6807e0838') in 0.010427 seconds 
========================================================================
Received Import Request.
  Time since last request: 0.000072 seconds.
  path: Assets/Art/OverworldSprites/GroundLayerSprites/overworld_tileset_657.asset
  artifactKey: Guid(f056c1eff12d22945b29d6c17bcec0df) Importer(815301076,1909f56bfc062723c751e8b465ee728b)
Start importing Assets/Art/OverworldSprites/GroundLayerSprites/overworld_tileset_657.asset using Guid(f056c1eff12d22945b29d6c17bcec0df) Importer(815301076,1909f56bfc062723c751e8b465ee728b)  -> (artifact id: '0142af7901f2e50b726179e94649da94') in 0.011182 seconds 
========================================================================
Received Import Request.
  Time since last request: 0.000036 seconds.
  path: Assets/Art/OverworldSprites/GroundLayerSprites/overworld_tileset_653.asset
  artifactKey: Guid(a08037eb5d2115442a28f5f541a88a3b) Importer(815301076,1909f56bfc062723c751e8b465ee728b)
Start importing Assets/Art/OverworldSprites/GroundLayerSprites/overworld_tileset_653.asset using Guid(a08037eb5d2115442a28f5f541a88a3b) Importer(815301076,1909f56bfc062723c751e8b465ee728b)  -> (artifact id: 'f81ddb680f211db5c067ad03bb8641f9') in 0.009868 seconds 
Editor requested this worker to shutdown with reason: Scaling down because of idle timeout
AssetImportWorker is now disconnected from the server
Process exiting
Exiting without the bug reporter. Application will terminate with return code 0